0 info it worked if it ends with ok
1 verbose cli [ '/Users/steel/n/bin/node',
1 verbose cli   '/Users/steel/n/bin/npm',
1 verbose cli   'run',
1 verbose cli   'lint' ]
2 info using npm@3.10.3
3 info using node@v6.3.1
4 verbose run-script [ 'prelint', 'lint', 'postlint' ]
5 info lifecycle sb-exec@3.0.0~prelint: sb-exec@3.0.0
6 silly lifecycle sb-exec@3.0.0~prelint: no script for prelint, continuing
7 info lifecycle sb-exec@3.0.0~lint: sb-exec@3.0.0
8 verbose lifecycle sb-exec@3.0.0~lint: unsafe-perm in lifecycle true
9 verbose lifecycle sb-exec@3.0.0~lint: PATH: /Users/steel/n/lib/node_modules/npm/bin/node-gyp-bin:/Users/steel/w/exec/node_modules/.bin:/Users/steel/n/bin:/usr/local/bin:/usr/local/sbin:/usr/bin:/bin:/usr/sbin:/sbin:/Users/steel/n/bin:/Users/steel/w/Go/bin:/usr/local/opt/coreutils/libexec/gnubin
10 verbose lifecycle sb-exec@3.0.0~lint: CWD: /Users/steel/w/exec
11 silly lifecycle sb-exec@3.0.0~lint: Args: [ '-c', '(flow check) && (eslint .)' ]
12 silly lifecycle sb-exec@3.0.0~lint: Returned: code: 2  signal: null
13 info lifecycle sb-exec@3.0.0~lint: Failed to exec lint script
14 verbose stack Error: sb-exec@3.0.0 lint: `(flow check) && (eslint .)`
14 verbose stack Exit status 2
14 verbose stack     at EventEmitter.<anonymous> (/Users/steel/n/lib/node_modules/npm/lib/utils/lifecycle.js:242:16)
14 verbose stack     at emitTwo (events.js:106:13)
14 verbose stack     at EventEmitter.emit (events.js:191:7)
14 verbose stack     at ChildProcess.<anonymous> (/Users/steel/n/lib/node_modules/npm/lib/utils/spawn.js:40:14)
14 verbose stack     at emitTwo (events.js:106:13)
14 verbose stack     at ChildProcess.emit (events.js:191:7)
14 verbose stack     at maybeClose (internal/child_process.js:852:16)
14 verbose stack     at Process.ChildProcess._handle.onexit (internal/child_process.js:215:5)
15 verbose pkgid sb-exec@3.0.0
16 verbose cwd /Users/steel/w/exec
17 error Darwin 15.6.0
18 error argv "/Users/steel/n/bin/node" "/Users/steel/n/bin/npm" "run" "lint"
19 error node v6.3.1
20 error npm  v3.10.3
21 error code ELIFECYCLE
22 error sb-exec@3.0.0 lint: `(flow check) && (eslint .)`
22 error Exit status 2
23 error Failed at the sb-exec@3.0.0 lint script '(flow check) && (eslint .)'.
23 error Make sure you have the latest version of node.js and npm installed.
23 error If you do, this is most likely a problem with the sb-exec package,
23 error not with npm itself.
23 error Tell the author that this fails on your system:
23 error     (flow check) && (eslint .)
23 error You can get information on how to open an issue for this project with:
23 error     npm bugs sb-exec
23 error Or if that isn't available, you can get their info via:
23 error     npm owner ls sb-exec
23 error There is likely additional logging output above.
24 verbose exit [ 1, true ]
